
**** Build of configuration Release for project interrupt ****

"C:\\TI\\ccsv6\\utils\\bin\\gmake" -k all 
'Building file: ../main.c'
'Invoking: ARM Compiler'
"C:/TI/ccsv6/tools/compiler/arm_15.12.3.LTS/bin/armcl" -mv7M4 --code_state=16 --float_support=vfplib --abi=eabi -me -Ooff --include_path="C:/TI/ccsv6/tools/compiler/arm_15.12.3.LTS/include" --include_path="D:/example/common" --include_path="D:/inc" --include_path="D:/" --include_path="D:/driverlib" -g --gcc --define=ccs --define=cc3200 --diag_wrap=off --diag_warning=225 --display_error_number --printf_support=full --ual --preproc_with_compile --preproc_dependency="main.d"  "../main.c"

>> Compilation failure
subdir_rules.mk:7: recipe for target 'main.obj' failed
"../main.c", line 65: fatal error #1965: cannot open source file "hw_ints.h"
1 catastrophic error detected in the compilation of "../main.c".
Compilation terminated.
gmake: *** [main.obj] Error 1
'Building file: ../pinmux.c'
'Invoking: ARM Compiler'
"C:/TI/ccsv6/tools/compiler/arm_15.12.3.LTS/bin/armcl" -mv7M4 --code_state=16 --float_support=vfplib --abi=eabi -me -Ooff --include_path="C:/TI/ccsv6/tools/compiler/arm_15.12.3.LTS/include" --include_path="D:/example/common" --include_path="D:/inc" --include_path="D:/" --include_path="D:/driverlib" -g --gcc --define=ccs --define=cc3200 --diag_wrap=off --diag_warning=225 --display_error_number --printf_support=full --ual --preproc_with_compile --preproc_dependency="pinmux.d"  "../pinmux.c"

>> Compilation failure
subdir_rules.mk:14: recipe for target 'pinmux.obj' failed
"../pinmux.c", line 45: fatal error #1965: cannot open source file "hw_types.h"
1 catastrophic error detected in the compilation of "../pinmux.c".
Compilation terminated.
gmake: *** [pinmux.obj] Error 1
'Building file: ../startup_ccs.c'
'Invoking: ARM Compiler'
"C:/TI/ccsv6/tools/compiler/arm_15.12.3.LTS/bin/armcl" -mv7M4 --code_state=16 --float_support=vfplib --abi=eabi -me -Ooff --include_path="C:/TI/ccsv6/tools/compiler/arm_15.12.3.LTS/include" --include_path="D:/example/common" --include_path="D:/inc" --include_path="D:/" --include_path="D:/driverlib" -g --gcc --define=ccs --define=cc3200 --diag_wrap=off --diag_warning=225 --display_error_number --printf_support=full --ual --preproc_with_compile --preproc_dependency="startup_ccs.d"  "../startup_ccs.c"
'Finished building: ../startup_ccs.c'
' '
'Building file: ../startup_ewarm.c'
'Invoking: ARM Compiler'
"C:/TI/ccsv6/tools/compiler/arm_15.12.3.LTS/bin/armcl" -mv7M4 --code_state=16 --float_support=vfplib --abi=eabi -me -Ooff --include_path="C:/TI/ccsv6/tools/compiler/arm_15.12.3.LTS/include" --include_path="D:/example/common" --include_path="D:/inc" --include_path="D:/" --include_path="D:/driverlib" -g --gcc --define=ccs --define=cc3200 --diag_wrap=off --diag_warning=225 --display_error_number --printf_support=full --ual --preproc_with_compile --preproc_dependency="startup_ewarm.d"  "../startup_ewarm.c"

>> Compilation failure
subdir_rules.mk:28: recipe for target 'startup_ewarm.obj' failed
"../startup_ewarm.c", line 39: fatal error #1965: cannot open source file "hw_types.h"
1 catastrophic error detected in the compilation of "../startup_ewarm.c".
Compilation terminated.
gmake: *** [startup_ewarm.obj] Error 1
'Building file: ../systick_if.c'
'Invoking: ARM Compiler'
"C:/TI/ccsv6/tools/compiler/arm_15.12.3.LTS/bin/armcl" -mv7M4 --code_state=16 --float_support=vfplib --abi=eabi -me -Ooff --include_path="C:/TI/ccsv6/tools/compiler/arm_15.12.3.LTS/include" --include_path="D:/example/common" --include_path="D:/inc" --include_path="D:/" --include_path="D:/driverlib" -g --gcc --define=ccs --define=cc3200 --diag_wrap=off --diag_warning=225 --display_error_number --printf_support=full --ual --preproc_with_compile --preproc_dependency="systick_if.d"  "../systick_if.c"

>> Compilation failure
subdir_rules.mk:35: recipe for target 'systick_if.obj' failed
"../systick_if.c", line 50: fatal error #1965: cannot open source file "hw_ints.h"
1 catastrophic error detected in the compilation of "../systick_if.c".
Compilation terminated.
gmake: *** [systick_if.obj] Error 1
gmake: *** No rule to make target 'D:/example/common/uart_if.c', needed by 'uart_if.obj'.
gmake: Target 'all' not remade because of errors.

**** Build Finished ****
